[02-Jun-2020 22:18:03 UTC] PHP Parse error:  syntax error, unexpected 'function' (T_FUNCTION) in C:\wamp64\www\carson-richmond\wp-content\themes\carson-richmond\functions.php on line 17
[02-Jun-2020 22:31:12 UTC] PHP Parse error:  syntax error, unexpected end of file in C:\wamp64\www\carson-richmond\wp-content\themes\carson-richmond\front-page.php on line 9
[02-Jun-2020 22:33:49 UTC] PHP Parse error:  syntax error, unexpected 'content' (T_STRING) in C:\wamp64\www\carson-richmond\wp-content\themes\carson-richmond\front-page.php on line 8
[02-Jun-2020 22:47:57 UTC] PHP Warning:  _() expects exactly 1 parameter, 2 given in C:\wamp64\www\carson-richmond\wp-content\themes\carson-richmond\functions.php on line 38
[02-Jun-2020 22:47:57 UTC] PHP Stack trace:
[02-Jun-2020 22:47:57 UTC] PHP   1. {main}() C:\wamp64\www\carson-richmond\wp-admin\nav-menus.php:0
[02-Jun-2020 22:47:57 UTC] PHP   2. require_once() C:\wamp64\www\carson-richmond\wp-admin\nav-menus.php:13
[02-Jun-2020 22:47:57 UTC] PHP   3. require_once() C:\wamp64\www\carson-richmond\wp-admin\admin.php:34
[02-Jun-2020 22:47:57 UTC] PHP   4. require_once() C:\wamp64\www\carson-richmond\wp-load.php:37
[02-Jun-2020 22:47:57 UTC] PHP   5. require_once() C:\wamp64\www\carson-richmond\wp-config.php:91
[02-Jun-2020 22:47:57 UTC] PHP   6. include() C:\wamp64\www\carson-richmond\wp-settings.php:508
[02-Jun-2020 22:47:57 UTC] PHP   7. _() C:\wamp64\www\carson-richmond\wp-content\themes\carson-richmond\functions.php:38
[02-Jun-2020 22:47:57 UTC] PHP Warning:  _() expects exactly 1 parameter, 2 given in C:\wamp64\www\carson-richmond\wp-content\themes\carson-richmond\functions.php on line 39
[02-Jun-2020 22:47:57 UTC] PHP Stack trace:
[02-Jun-2020 22:47:57 UTC] PHP   1. {main}() C:\wamp64\www\carson-richmond\wp-admin\nav-menus.php:0
[02-Jun-2020 22:47:57 UTC] PHP   2. require_once() C:\wamp64\www\carson-richmond\wp-admin\nav-menus.php:13
[02-Jun-2020 22:47:57 UTC] PHP   3. require_once() C:\wamp64\www\carson-richmond\wp-admin\admin.php:34
[02-Jun-2020 22:47:57 UTC] PHP   4. require_once() C:\wamp64\www\carson-richmond\wp-load.php:37
[02-Jun-2020 22:47:57 UTC] PHP   5. require_once() C:\wamp64\www\carson-richmond\wp-config.php:91
[02-Jun-2020 22:47:57 UTC] PHP   6. include() C:\wamp64\www\carson-richmond\wp-settings.php:508
[02-Jun-2020 22:47:57 UTC] PHP   7. _() C:\wamp64\www\carson-richmond\wp-content\themes\carson-richmond\functions.php:39
[02-Jun-2020 22:47:57 UTC] PHP Warning:  Cannot modify header information - headers already sent by (output started at C:\wamp64\www\carson-richmond\wp-content\themes\carson-richmond\functions.php:39) in C:\wamp64\www\carson-richmond\wp-includes\functions.php on line 6221
[02-Jun-2020 22:47:57 UTC] PHP Stack trace:
[02-Jun-2020 22:47:57 UTC] PHP   1. {main}() C:\wamp64\www\carson-richmond\wp-admin\nav-menus.php:0
[02-Jun-2020 22:47:57 UTC] PHP   2. require_once() C:\wamp64\www\carson-richmond\wp-admin\nav-menus.php:13
[02-Jun-2020 22:47:57 UTC] PHP   3. do_action() C:\wamp64\www\carson-richmond\wp-admin\admin.php:170
[02-Jun-2020 22:47:58 UTC] PHP   4. WP_Hook->do_action() C:\wamp64\www\carson-richmond\wp-includes\plugin.php:478
[02-Jun-2020 22:47:58 UTC] PHP   5. WP_Hook->apply_filters() C:\wamp64\www\carson-richmond\wp-includes\class-wp-hook.php:311
[02-Jun-2020 22:47:58 UTC] PHP   6. send_frame_options_header() C:\wamp64\www\carson-richmond\wp-includes\class-wp-hook.php:285
[02-Jun-2020 22:47:58 UTC] PHP   7. header() C:\wamp64\www\carson-richmond\wp-includes\functions.php:6221
[02-Jun-2020 22:47:58 UTC] PHP Warning:  Cannot modify header information - headers already sent by (output started at C:\wamp64\www\carson-richmond\wp-content\themes\carson-richmond\functions.php:39) in C:\wamp64\www\carson-richmond\wp-admin\includes\misc.php on line 1259
[02-Jun-2020 22:47:58 UTC] PHP Stack trace:
[02-Jun-2020 22:47:58 UTC] PHP   1. {main}() C:\wamp64\www\carson-richmond\wp-admin\nav-menus.php:0
[02-Jun-2020 22:47:58 UTC] PHP   2. require_once() C:\wamp64\www\carson-richmond\wp-admin\nav-menus.php:13
[02-Jun-2020 22:47:58 UTC] PHP   3. do_action() C:\wamp64\www\carson-richmond\wp-admin\admin.php:170
[02-Jun-2020 22:47:58 UTC] PHP   4. WP_Hook->do_action() C:\wamp64\www\carson-richmond\wp-includes\plugin.php:478
[02-Jun-2020 22:47:58 UTC] PHP   5. WP_Hook->apply_filters() C:\wamp64\www\carson-richmond\wp-includes\class-wp-hook.php:311
[02-Jun-2020 22:47:58 UTC] PHP   6. wp_admin_headers() C:\wamp64\www\carson-richmond\wp-includes\class-wp-hook.php:287
[02-Jun-2020 22:47:58 UTC] PHP   7. header() C:\wamp64\www\carson-richmond\wp-admin\includes\misc.php:1259
[02-Jun-2020 22:47:59 UTC] PHP Warning:  Cannot modify header information - headers already sent by (output started at C:\wamp64\www\carson-richmond\wp-content\themes\carson-richmond\functions.php:39) in C:\wamp64\www\carson-richmond\wp-admin\admin-header.php on line 9
[02-Jun-2020 22:47:59 UTC] PHP Stack trace:
[02-Jun-2020 22:47:59 UTC] PHP   1. {main}() C:\wamp64\www\carson-richmond\wp-admin\nav-menus.php:0
[02-Jun-2020 22:47:59 UTC] PHP   2. require_once() C:\wamp64\www\carson-richmond\wp-admin\nav-menus.php:609
[02-Jun-2020 22:47:59 UTC] PHP   3. header() C:\wamp64\www\carson-richmond\wp-admin\admin-header.php:9
[02-Jun-2020 22:49:02 UTC] PHP Warning:  _() expects exactly 1 parameter, 2 given in C:\wamp64\www\carson-richmond\wp-content\themes\carson-richmond\functions.php on line 38
[02-Jun-2020 22:49:02 UTC] PHP Stack trace:
[02-Jun-2020 22:49:02 UTC] PHP   1. {main}() C:\wamp64\www\carson-richmond\wp-admin\admin-ajax.php:0
[02-Jun-2020 22:49:02 UTC] PHP   2. require_once() C:\wamp64\www\carson-richmond\wp-admin\admin-ajax.php:22
[02-Jun-2020 22:49:02 UTC] PHP   3. require_once() C:\wamp64\www\carson-richmond\wp-load.php:37
[02-Jun-2020 22:49:02 UTC] PHP   4. require_once() C:\wamp64\www\carson-richmond\wp-config.php:91
[02-Jun-2020 22:49:02 UTC] PHP   5. include() C:\wamp64\www\carson-richmond\wp-settings.php:508
[02-Jun-2020 22:49:02 UTC] PHP   6. _() C:\wamp64\www\carson-richmond\wp-content\themes\carson-richmond\functions.php:38
[02-Jun-2020 22:49:02 UTC] PHP Warning:  _() expects exactly 1 parameter, 2 given in C:\wamp64\www\carson-richmond\wp-content\themes\carson-richmond\functions.php on line 39
[02-Jun-2020 22:49:02 UTC] PHP Stack trace:
[02-Jun-2020 22:49:02 UTC] PHP   1. {main}() C:\wamp64\www\carson-richmond\wp-admin\admin-ajax.php:0
[02-Jun-2020 22:49:02 UTC] PHP   2. require_once() C:\wamp64\www\carson-richmond\wp-admin\admin-ajax.php:22
[02-Jun-2020 22:49:02 UTC] PHP   3. require_once() C:\wamp64\www\carson-richmond\wp-load.php:37
[02-Jun-2020 22:49:02 UTC] PHP   4. require_once() C:\wamp64\www\carson-richmond\wp-config.php:91
[02-Jun-2020 22:49:02 UTC] PHP   5. include() C:\wamp64\www\carson-richmond\wp-settings.php:508
[02-Jun-2020 22:49:02 UTC] PHP   6. _() C:\wamp64\www\carson-richmond\wp-content\themes\carson-richmond\functions.php:39
[02-Jun-2020 22:49:51 UTC] PHP Warning:  _() expects exactly 1 parameter, 2 given in C:\wamp64\www\carson-richmond\wp-content\themes\carson-richmond\functions.php on line 38
[02-Jun-2020 22:49:51 UTC] PHP Stack trace:
[02-Jun-2020 22:49:51 UTC] PHP   1. {main}() C:\wamp64\www\carson-richmond\wp-admin\nav-menus.php:0
[02-Jun-2020 22:49:51 UTC] PHP   2. require_once() C:\wamp64\www\carson-richmond\wp-admin\nav-menus.php:13
[02-Jun-2020 22:49:51 UTC] PHP   3. require_once() C:\wamp64\www\carson-richmond\wp-admin\admin.php:34
[02-Jun-2020 22:49:51 UTC] PHP   4. require_once() C:\wamp64\www\carson-richmond\wp-load.php:37
[02-Jun-2020 22:49:51 UTC] PHP   5. require_once() C:\wamp64\www\carson-richmond\wp-config.php:91
[02-Jun-2020 22:49:51 UTC] PHP   6. include() C:\wamp64\www\carson-richmond\wp-settings.php:508
[02-Jun-2020 22:49:51 UTC] PHP   7. _() C:\wamp64\www\carson-richmond\wp-content\themes\carson-richmond\functions.php:38
[02-Jun-2020 22:49:51 UTC] PHP Warning:  _() expects exactly 1 parameter, 2 given in C:\wamp64\www\carson-richmond\wp-content\themes\carson-richmond\functions.php on line 39
[02-Jun-2020 22:49:52 UTC] PHP Stack trace:
[02-Jun-2020 22:49:52 UTC] PHP   1. {main}() C:\wamp64\www\carson-richmond\wp-admin\nav-menus.php:0
[02-Jun-2020 22:49:52 UTC] PHP   2. require_once() C:\wamp64\www\carson-richmond\wp-admin\nav-menus.php:13
[02-Jun-2020 22:49:52 UTC] PHP   3. require_once() C:\wamp64\www\carson-richmond\wp-admin\admin.php:34
[02-Jun-2020 22:49:52 UTC] PHP   4. require_once() C:\wamp64\www\carson-richmond\wp-load.php:37
[02-Jun-2020 22:49:52 UTC] PHP   5. require_once() C:\wamp64\www\carson-richmond\wp-config.php:91
[02-Jun-2020 22:49:52 UTC] PHP   6. include() C:\wamp64\www\carson-richmond\wp-settings.php:508
[02-Jun-2020 22:49:52 UTC] PHP   7. _() C:\wamp64\www\carson-richmond\wp-content\themes\carson-richmond\functions.php:39
[02-Jun-2020 22:49:52 UTC] PHP Warning:  Cannot modify header information - headers already sent by (output started at C:\wamp64\www\carson-richmond\wp-content\themes\carson-richmond\functions.php:39) in C:\wamp64\www\carson-richmond\wp-includes\functions.php on line 6221
[02-Jun-2020 22:49:52 UTC] PHP Stack trace:
[02-Jun-2020 22:49:52 UTC] PHP   1. {main}() C:\wamp64\www\carson-richmond\wp-admin\nav-menus.php:0
[02-Jun-2020 22:49:52 UTC] PHP   2. require_once() C:\wamp64\www\carson-richmond\wp-admin\nav-menus.php:13
[02-Jun-2020 22:49:52 UTC] PHP   3. do_action() C:\wamp64\www\carson-richmond\wp-admin\admin.php:170
[02-Jun-2020 22:49:52 UTC] PHP   4. WP_Hook->do_action() C:\wamp64\www\carson-richmond\wp-includes\plugin.php:478
[02-Jun-2020 22:49:52 UTC] PHP   5. WP_Hook->apply_filters() C:\wamp64\www\carson-richmond\wp-includes\class-wp-hook.php:311
[02-Jun-2020 22:49:52 UTC] PHP   6. send_frame_options_header() C:\wamp64\www\carson-richmond\wp-includes\class-wp-hook.php:285
[02-Jun-2020 22:49:52 UTC] PHP   7. header() C:\wamp64\www\carson-richmond\wp-includes\functions.php:6221
[02-Jun-2020 22:49:52 UTC] PHP Warning:  Cannot modify header information - headers already sent by (output started at C:\wamp64\www\carson-richmond\wp-content\themes\carson-richmond\functions.php:39) in C:\wamp64\www\carson-richmond\wp-admin\includes\misc.php on line 1259
[02-Jun-2020 22:49:52 UTC] PHP Stack trace:
[02-Jun-2020 22:49:52 UTC] PHP   1. {main}() C:\wamp64\www\carson-richmond\wp-admin\nav-menus.php:0
[02-Jun-2020 22:49:52 UTC] PHP   2. require_once() C:\wamp64\www\carson-richmond\wp-admin\nav-menus.php:13
[02-Jun-2020 22:49:52 UTC] PHP   3. do_action() C:\wamp64\www\carson-richmond\wp-admin\admin.php:170
[02-Jun-2020 22:49:52 UTC] PHP   4. WP_Hook->do_action() C:\wamp64\www\carson-richmond\wp-includes\plugin.php:478
[02-Jun-2020 22:49:52 UTC] PHP   5. WP_Hook->apply_filters() C:\wamp64\www\carson-richmond\wp-includes\class-wp-hook.php:311
[02-Jun-2020 22:49:52 UTC] PHP   6. wp_admin_headers() C:\wamp64\www\carson-richmond\wp-includes\class-wp-hook.php:287
[02-Jun-2020 22:49:53 UTC] PHP   7. header() C:\wamp64\www\carson-richmond\wp-admin\includes\misc.php:1259
[02-Jun-2020 22:49:53 UTC] PHP Warning:  Cannot modify header information - headers already sent by (output started at C:\wamp64\www\carson-richmond\wp-content\themes\carson-richmond\functions.php:39) in C:\wamp64\www\carson-richmond\wp-admin\admin-header.php on line 9
[02-Jun-2020 22:49:53 UTC] PHP Stack trace:
[02-Jun-2020 22:49:53 UTC] PHP   1. {main}() C:\wamp64\www\carson-richmond\wp-admin\nav-menus.php:0
[02-Jun-2020 22:49:53 UTC] PHP   2. require_once() C:\wamp64\www\carson-richmond\wp-admin\nav-menus.php:609
[02-Jun-2020 22:49:53 UTC] PHP   3. header() C:\wamp64\www\carson-richmond\wp-admin\admin-header.php:9
[02-Jun-2020 22:50:55 UTC] PHP Warning:  _() expects exactly 1 parameter, 2 given in C:\wamp64\www\carson-richmond\wp-content\themes\carson-richmond\functions.php on line 38
[02-Jun-2020 22:50:55 UTC] PHP Stack trace:
[02-Jun-2020 22:50:55 UTC] PHP   1. {main}() C:\wamp64\www\carson-richmond\wp-admin\admin-ajax.php:0
[02-Jun-2020 22:50:55 UTC] PHP   2. require_once() C:\wamp64\www\carson-richmond\wp-admin\admin-ajax.php:22
[02-Jun-2020 22:50:55 UTC] PHP   3. require_once() C:\wamp64\www\carson-richmond\wp-load.php:37
[02-Jun-2020 22:50:55 UTC] PHP   4. require_once() C:\wamp64\www\carson-richmond\wp-config.php:91
[02-Jun-2020 22:50:55 UTC] PHP   5. include() C:\wamp64\www\carson-richmond\wp-settings.php:508
[02-Jun-2020 22:50:55 UTC] PHP   6. _() C:\wamp64\www\carson-richmond\wp-content\themes\carson-richmond\functions.php:38
[02-Jun-2020 22:50:55 UTC] PHP Warning:  _() expects exactly 1 parameter, 2 given in C:\wamp64\www\carson-richmond\wp-content\themes\carson-richmond\functions.php on line 39
[02-Jun-2020 22:50:55 UTC] PHP Stack trace:
[02-Jun-2020 22:50:55 UTC] PHP   1. {main}() C:\wamp64\www\carson-richmond\wp-admin\admin-ajax.php:0
[02-Jun-2020 22:50:55 UTC] PHP   2. require_once() C:\wamp64\www\carson-richmond\wp-admin\admin-ajax.php:22
[02-Jun-2020 22:50:55 UTC] PHP   3. require_once() C:\wamp64\www\carson-richmond\wp-load.php:37
[02-Jun-2020 22:50:55 UTC] PHP   4. require_once() C:\wamp64\www\carson-richmond\wp-config.php:91
[02-Jun-2020 22:50:55 UTC] PHP   5. include() C:\wamp64\www\carson-richmond\wp-settings.php:508
[02-Jun-2020 22:50:55 UTC] PHP   6. _() C:\wamp64\www\carson-richmond\wp-content\themes\carson-richmond\functions.php:39
[02-Jun-2020 22:50:58 UTC] PHP Warning:  _() expects exactly 1 parameter, 2 given in C:\wamp64\www\carson-richmond\wp-content\themes\carson-richmond\functions.php on line 38
[02-Jun-2020 22:50:58 UTC] PHP Stack trace:
[02-Jun-2020 22:50:58 UTC] PHP   1. {main}() C:\wamp64\www\carson-richmond\wp-admin\nav-menus.php:0
[02-Jun-2020 22:50:58 UTC] PHP   2. require_once() C:\wamp64\www\carson-richmond\wp-admin\nav-menus.php:13
[02-Jun-2020 22:50:58 UTC] PHP   3. require_once() C:\wamp64\www\carson-richmond\wp-admin\admin.php:34
[02-Jun-2020 22:50:58 UTC] PHP   4. require_once() C:\wamp64\www\carson-richmond\wp-load.php:37
[02-Jun-2020 22:50:58 UTC] PHP   5. require_once() C:\wamp64\www\carson-richmond\wp-config.php:91
[02-Jun-2020 22:50:58 UTC] PHP   6. include() C:\wamp64\www\carson-richmond\wp-settings.php:508
[02-Jun-2020 22:50:58 UTC] PHP   7. _() C:\wamp64\www\carson-richmond\wp-content\themes\carson-richmond\functions.php:38
[02-Jun-2020 22:50:58 UTC] PHP Warning:  _() expects exactly 1 parameter, 2 given in C:\wamp64\www\carson-richmond\wp-content\themes\carson-richmond\functions.php on line 39
[02-Jun-2020 22:50:58 UTC] PHP Stack trace:
[02-Jun-2020 22:50:58 UTC] PHP   1. {main}() C:\wamp64\www\carson-richmond\wp-admin\nav-menus.php:0
[02-Jun-2020 22:50:58 UTC] PHP   2. require_once() C:\wamp64\www\carson-richmond\wp-admin\nav-menus.php:13
[02-Jun-2020 22:50:58 UTC] PHP   3. require_once() C:\wamp64\www\carson-richmond\wp-admin\admin.php:34
[02-Jun-2020 22:50:58 UTC] PHP   4. require_once() C:\wamp64\www\carson-richmond\wp-load.php:37
[02-Jun-2020 22:50:58 UTC] PHP   5. require_once() C:\wamp64\www\carson-richmond\wp-config.php:91
[02-Jun-2020 22:50:59 UTC] PHP   6. include() C:\wamp64\www\carson-richmond\wp-settings.php:508
[02-Jun-2020 22:50:59 UTC] PHP   7. _() C:\wamp64\www\carson-richmond\wp-content\themes\carson-richmond\functions.php:39
[02-Jun-2020 22:50:59 UTC] PHP Warning:  Cannot modify header information - headers already sent by (output started at C:\wamp64\www\carson-richmond\wp-content\themes\carson-richmond\functions.php:39) in C:\wamp64\www\carson-richmond\wp-includes\functions.php on line 6221
[02-Jun-2020 22:50:59 UTC] PHP Stack trace:
[02-Jun-2020 22:50:59 UTC] PHP   1. {main}() C:\wamp64\www\carson-richmond\wp-admin\nav-menus.php:0
[02-Jun-2020 22:50:59 UTC] PHP   2. require_once() C:\wamp64\www\carson-richmond\wp-admin\nav-menus.php:13
[02-Jun-2020 22:50:59 UTC] PHP   3. do_action() C:\wamp64\www\carson-richmond\wp-admin\admin.php:170
[02-Jun-2020 22:50:59 UTC] PHP   4. WP_Hook->do_action() C:\wamp64\www\carson-richmond\wp-includes\plugin.php:478
[02-Jun-2020 22:50:59 UTC] PHP   5. WP_Hook->apply_filters() C:\wamp64\www\carson-richmond\wp-includes\class-wp-hook.php:311
[02-Jun-2020 22:50:59 UTC] PHP   6. send_frame_options_header() C:\wamp64\www\carson-richmond\wp-includes\class-wp-hook.php:285
[02-Jun-2020 22:50:59 UTC] PHP   7. header() C:\wamp64\www\carson-richmond\wp-includes\functions.php:6221
[02-Jun-2020 22:50:59 UTC] PHP Warning:  Cannot modify header information - headers already sent by (output started at C:\wamp64\www\carson-richmond\wp-content\themes\carson-richmond\functions.php:39) in C:\wamp64\www\carson-richmond\wp-admin\includes\misc.php on line 1259
[02-Jun-2020 22:50:59 UTC] PHP Stack trace:
[02-Jun-2020 22:50:59 UTC] PHP   1. {main}() C:\wamp64\www\carson-richmond\wp-admin\nav-menus.php:0
[02-Jun-2020 22:50:59 UTC] PHP   2. require_once() C:\wamp64\www\carson-richmond\wp-admin\nav-menus.php:13
[02-Jun-2020 22:50:59 UTC] PHP   3. do_action() C:\wamp64\www\carson-richmond\wp-admin\admin.php:170
[02-Jun-2020 22:50:59 UTC] PHP   4. WP_Hook->do_action() C:\wamp64\www\carson-richmond\wp-includes\plugin.php:478
[02-Jun-2020 22:51:00 UTC] PHP   5. WP_Hook->apply_filters() C:\wamp64\www\carson-richmond\wp-includes\class-wp-hook.php:311
[02-Jun-2020 22:51:00 UTC] PHP   6. wp_admin_headers() C:\wamp64\www\carson-richmond\wp-includes\class-wp-hook.php:287
[02-Jun-2020 22:51:00 UTC] PHP   7. header() C:\wamp64\www\carson-richmond\wp-admin\includes\misc.php:1259
[02-Jun-2020 22:51:00 UTC] PHP Warning:  Cannot modify header information - headers already sent by (output started at C:\wamp64\www\carson-richmond\wp-content\themes\carson-richmond\functions.php:39) in C:\wamp64\www\carson-richmond\wp-admin\admin-header.php on line 9
[02-Jun-2020 22:51:00 UTC] PHP Stack trace:
[02-Jun-2020 22:51:01 UTC] PHP   1. {main}() C:\wamp64\www\carson-richmond\wp-admin\nav-menus.php:0
[02-Jun-2020 22:51:01 UTC] PHP   2. require_once() C:\wamp64\www\carson-richmond\wp-admin\nav-menus.php:609
[02-Jun-2020 22:51:01 UTC] PHP   3. header() C:\wamp64\www\carson-richmond\wp-admin\admin-header.php:9
[02-Jun-2020 22:51:16 UTC] PHP Warning:  _() expects exactly 1 parameter, 2 given in C:\wamp64\www\carson-richmond\wp-content\themes\carson-richmond\functions.php on line 38
[02-Jun-2020 22:51:16 UTC] PHP Stack trace:
[02-Jun-2020 22:51:16 UTC] PHP   1. {main}() C:\wamp64\www\carson-richmond\wp-admin\nav-menus.php:0
[02-Jun-2020 22:51:16 UTC] PHP   2. require_once() C:\wamp64\www\carson-richmond\wp-admin\nav-menus.php:13
[02-Jun-2020 22:51:17 UTC] PHP   3. require_once() C:\wamp64\www\carson-richmond\wp-admin\admin.php:34
[02-Jun-2020 22:51:17 UTC] PHP   4. require_once() C:\wamp64\www\carson-richmond\wp-load.php:37
[02-Jun-2020 22:51:17 UTC] PHP   5. require_once() C:\wamp64\www\carson-richmond\wp-config.php:91
[02-Jun-2020 22:51:17 UTC] PHP   6. include() C:\wamp64\www\carson-richmond\wp-settings.php:508
[02-Jun-2020 22:51:17 UTC] PHP   7. _() C:\wamp64\www\carson-richmond\wp-content\themes\carson-richmond\functions.php:38
[02-Jun-2020 22:51:17 UTC] PHP Warning:  _() expects exactly 1 parameter, 2 given in C:\wamp64\www\carson-richmond\wp-content\themes\carson-richmond\functions.php on line 39
[02-Jun-2020 22:51:17 UTC] PHP Stack trace:
[02-Jun-2020 22:51:17 UTC] PHP   1. {main}() C:\wamp64\www\carson-richmond\wp-admin\nav-menus.php:0
[02-Jun-2020 22:51:17 UTC] PHP   2. require_once() C:\wamp64\www\carson-richmond\wp-admin\nav-menus.php:13
[02-Jun-2020 22:51:17 UTC] PHP   3. require_once() C:\wamp64\www\carson-richmond\wp-admin\admin.php:34
[02-Jun-2020 22:51:17 UTC] PHP   4. require_once() C:\wamp64\www\carson-richmond\wp-load.php:37
[02-Jun-2020 22:51:17 UTC] PHP   5. require_once() C:\wamp64\www\carson-richmond\wp-config.php:91
[02-Jun-2020 22:51:17 UTC] PHP   6. include() C:\wamp64\www\carson-richmond\wp-settings.php:508
[02-Jun-2020 22:51:17 UTC] PHP   7. _() C:\wamp64\www\carson-richmond\wp-content\themes\carson-richmond\functions.php:39
[02-Jun-2020 22:51:17 UTC] PHP Warning:  Cannot modify header information - headers already sent by (output started at C:\wamp64\www\carson-richmond\wp-content\themes\carson-richmond\functions.php:39) in C:\wamp64\www\carson-richmond\wp-includes\functions.php on line 6221
[02-Jun-2020 22:51:17 UTC] PHP Stack trace:
[02-Jun-2020 22:51:17 UTC] PHP   1. {main}() C:\wamp64\www\carson-richmond\wp-admin\nav-menus.php:0
[02-Jun-2020 22:51:17 UTC] PHP   2. require_once() C:\wamp64\www\carson-richmond\wp-admin\nav-menus.php:13
[02-Jun-2020 22:51:17 UTC] PHP   3. do_action() C:\wamp64\www\carson-richmond\wp-admin\admin.php:170
[02-Jun-2020 22:51:17 UTC] PHP   4. WP_Hook->do_action() C:\wamp64\www\carson-richmond\wp-includes\plugin.php:478
[02-Jun-2020 22:51:17 UTC] PHP   5. WP_Hook->apply_filters() C:\wamp64\www\carson-richmond\wp-includes\class-wp-hook.php:311
[02-Jun-2020 22:51:17 UTC] PHP   6. send_frame_options_header() C:\wamp64\www\carson-richmond\wp-includes\class-wp-hook.php:285
[02-Jun-2020 22:51:17 UTC] PHP   7. header() C:\wamp64\www\carson-richmond\wp-includes\functions.php:6221
[02-Jun-2020 22:51:18 UTC] PHP Warning:  Cannot modify header information - headers already sent by (output started at C:\wamp64\www\carson-richmond\wp-content\themes\carson-richmond\functions.php:39) in C:\wamp64\www\carson-richmond\wp-admin\includes\misc.php on line 1259
[02-Jun-2020 22:51:18 UTC] PHP Stack trace:
[02-Jun-2020 22:51:18 UTC] PHP   1. {main}() C:\wamp64\www\carson-richmond\wp-admin\nav-menus.php:0
[02-Jun-2020 22:51:18 UTC] PHP   2. require_once() C:\wamp64\www\carson-richmond\wp-admin\nav-menus.php:13
[02-Jun-2020 22:51:18 UTC] PHP   3. do_action() C:\wamp64\www\carson-richmond\wp-admin\admin.php:170
[02-Jun-2020 22:51:18 UTC] PHP   4. WP_Hook->do_action() C:\wamp64\www\carson-richmond\wp-includes\plugin.php:478
[02-Jun-2020 22:51:18 UTC] PHP   5. WP_Hook->apply_filters() C:\wamp64\www\carson-richmond\wp-includes\class-wp-hook.php:311
[02-Jun-2020 22:51:18 UTC] PHP   6. wp_admin_headers() C:\wamp64\www\carson-richmond\wp-includes\class-wp-hook.php:287
[02-Jun-2020 22:51:18 UTC] PHP   7. header() C:\wamp64\www\carson-richmond\wp-admin\includes\misc.php:1259
[02-Jun-2020 22:51:18 UTC] PHP Warning:  Cannot modify header information - headers already sent by (output started at C:\wamp64\www\carson-richmond\wp-content\themes\carson-richmond\functions.php:39) in C:\wamp64\www\carson-richmond\wp-admin\admin-header.php on line 9
[02-Jun-2020 22:51:18 UTC] PHP Stack trace:
[02-Jun-2020 22:51:18 UTC] PHP   1. {main}() C:\wamp64\www\carson-richmond\wp-admin\nav-menus.php:0
[02-Jun-2020 22:51:18 UTC] PHP   2. require_once() C:\wamp64\www\carson-richmond\wp-admin\nav-menus.php:609
[02-Jun-2020 22:51:18 UTC] PHP   3. header() C:\wamp64\www\carson-richmond\wp-admin\admin-header.php:9
[02-Jun-2020 22:52:21 UTC] PHP Warning:  _() expects exactly 1 parameter, 2 given in C:\wamp64\www\carson-richmond\wp-content\themes\carson-richmond\functions.php on line 38
[02-Jun-2020 22:52:21 UTC] PHP Stack trace:
[02-Jun-2020 22:52:21 UTC] PHP   1. {main}() C:\wamp64\www\carson-richmond\wp-admin\admin-ajax.php:0
[02-Jun-2020 22:52:21 UTC] PHP   2. require_once() C:\wamp64\www\carson-richmond\wp-admin\admin-ajax.php:22
[02-Jun-2020 22:52:21 UTC] PHP   3. require_once() C:\wamp64\www\carson-richmond\wp-load.php:37
[02-Jun-2020 22:52:21 UTC] PHP   4. require_once() C:\wamp64\www\carson-richmond\wp-config.php:91
[02-Jun-2020 22:52:21 UTC] PHP   5. include() C:\wamp64\www\carson-richmond\wp-settings.php:508
[02-Jun-2020 22:52:21 UTC] PHP   6. _() C:\wamp64\www\carson-richmond\wp-content\themes\carson-richmond\functions.php:38
[02-Jun-2020 22:52:21 UTC] PHP Warning:  _() expects exactly 1 parameter, 2 given in C:\wamp64\www\carson-richmond\wp-content\themes\carson-richmond\functions.php on line 39
[02-Jun-2020 22:52:21 UTC] PHP Stack trace:
[02-Jun-2020 22:52:21 UTC] PHP   1. {main}() C:\wamp64\www\carson-richmond\wp-admin\admin-ajax.php:0
[02-Jun-2020 22:52:21 UTC] PHP   2. require_once() C:\wamp64\www\carson-richmond\wp-admin\admin-ajax.php:22
[02-Jun-2020 22:52:21 UTC] PHP   3. require_once() C:\wamp64\www\carson-richmond\wp-load.php:37
[02-Jun-2020 22:52:21 UTC] PHP   4. require_once() C:\wamp64\www\carson-richmond\wp-config.php:91
[02-Jun-2020 22:52:21 UTC] PHP   5. include() C:\wamp64\www\carson-richmond\wp-settings.php:508
[02-Jun-2020 22:52:21 UTC] PHP   6. _() C:\wamp64\www\carson-richmond\wp-content\themes\carson-richmond\functions.php:39
[04-Jun-2020 17:33:10 UTC] PHP Fatal error:  Uncaught Error: Call to undefined function get_feild() in C:\wamp64\www\carson-richmond\wp-content\themes\carson-richmond\front-page.php:3
Stack trace:
#0 C:\wamp64\www\carson-richmond\wp-includes\template-loader.php(106): include()
#1 C:\wamp64\www\carson-richmond\wp-blog-header.php(19): require_once('C:\\wamp64\\www\\c...')
#2 C:\wamp64\www\carson-richmond\index.php(17): require('C:\\wamp64\\www\\c...')
#3 {main}
  thrown in C:\wamp64\www\carson-richmond\wp-content\themes\carson-richmond\front-page.php on line 3
[04-Jun-2020 17:36:41 UTC] PHP Fatal error:  Uncaught Error: Call to undefined function get_feild() in C:\wamp64\www\carson-richmond\wp-content\themes\carson-richmond\front-page.php:3
Stack trace:
#0 C:\wamp64\www\carson-richmond\wp-includes\template-loader.php(106): include()
#1 C:\wamp64\www\carson-richmond\wp-blog-header.php(19): require_once('C:\\wamp64\\www\\c...')
#2 C:\wamp64\www\carson-richmond\index.php(17): require('C:\\wamp64\\www\\c...')
#3 {main}
  thrown in C:\wamp64\www\carson-richmond\wp-content\themes\carson-richmond\front-page.php on line 3
[04-Jun-2020 19:20:07 UTC] PHP Parse error:  syntax error, unexpected ''alt]; ?>">' (T_ENCAPSED_AND_WHITESPACE), expecting ']' in C:\wamp64\www\carson-richmond\wp-content\themes\carson-richmond\front-page.php on line 33
[04-Jun-2020 19:20:33 UTC] PHP Notice:  Undefined variable: image in C:\wamp64\www\carson-richmond\wp-content\themes\carson-richmond\front-page.php on line 33
[04-Jun-2020 19:20:33 UTC] PHP Stack trace:
[04-Jun-2020 19:20:33 UTC] PHP   1. {main}() C:\wamp64\www\carson-richmond\index.php:0
[04-Jun-2020 19:20:33 UTC] PHP   2. require() C:\wamp64\www\carson-richmond\index.php:17
[04-Jun-2020 19:20:33 UTC] PHP   3. require_once() C:\wamp64\www\carson-richmond\wp-blog-header.php:19
[04-Jun-2020 19:20:33 UTC] PHP   4. include() C:\wamp64\www\carson-richmond\wp-includes\template-loader.php:106
[04-Jun-2020 20:35:24 UTC] PHP Parse error:  syntax error, unexpected 'echo' (T_ECHO) in C:\wamp64\www\carson-richmond\wp-content\themes\carson-richmond\front-page.php on line 30
[10-Jun-2020 21:08:28 UTC] PHP Notice:  Array to string conversion in C:\wamp64\www\carson-richmond\wp-content\themes\carson-richmond\front-page.php on line 67
[10-Jun-2020 21:08:28 UTC] PHP Stack trace:
[10-Jun-2020 21:08:28 UTC] PHP   1. {main}() C:\wamp64\www\carson-richmond\index.php:0
[10-Jun-2020 21:08:28 UTC] PHP   2. require() C:\wamp64\www\carson-richmond\index.php:17
[10-Jun-2020 21:08:29 UTC] PHP   3. require_once() C:\wamp64\www\carson-richmond\wp-blog-header.php:19
[10-Jun-2020 21:08:29 UTC] PHP   4. include() C:\wamp64\www\carson-richmond\wp-includes\template-loader.php:106
[10-Jun-2020 21:14:29 UTC] PHP Parse error:  syntax error, unexpected 'have_rows' (T_STRING), expecting '(' in C:\wamp64\www\carson-richmond\wp-content\themes\carson-richmond\front-page.php on line 66
[10-Jun-2020 21:15:11 UTC] PHP Parse error:  syntax error, unexpected 'endif' (T_ENDIF), expecting end of file in C:\wamp64\www\carson-richmond\wp-content\themes\carson-richmond\front-page.php on line 68
[10-Jun-2020 21:15:54 UTC] PHP Notice:  Array to string conversion in C:\wamp64\www\carson-richmond\wp-content\themes\carson-richmond\front-page.php on line 65
[10-Jun-2020 21:15:54 UTC] PHP Stack trace:
[10-Jun-2020 21:15:54 UTC] PHP   1. {main}() C:\wamp64\www\carson-richmond\index.php:0
[10-Jun-2020 21:15:54 UTC] PHP   2. require() C:\wamp64\www\carson-richmond\index.php:17
[10-Jun-2020 21:15:54 UTC] PHP   3. require_once() C:\wamp64\www\carson-richmond\wp-blog-header.php:19
[10-Jun-2020 21:15:54 UTC] PHP   4. include() C:\wamp64\www\carson-richmond\wp-includes\template-loader.php:106
[10-Jun-2020 21:18:39 UTC] PHP Notice:  Array to string conversion in C:\wamp64\www\carson-richmond\wp-content\themes\carson-richmond\front-page.php on line 66
[10-Jun-2020 21:18:39 UTC] PHP Stack trace:
[10-Jun-2020 21:18:39 UTC] PHP   1. {main}() C:\wamp64\www\carson-richmond\index.php:0
[10-Jun-2020 21:18:39 UTC] PHP   2. require() C:\wamp64\www\carson-richmond\index.php:17
[10-Jun-2020 21:18:39 UTC] PHP   3. require_once() C:\wamp64\www\carson-richmond\wp-blog-header.php:19
[10-Jun-2020 21:18:39 UTC] PHP   4. include() C:\wamp64\www\carson-richmond\wp-includes\template-loader.php:106
[11-Jun-2020 04:44:13 UTC] PHP Parse error:  syntax error, unexpected ';', expecting '(' in C:\wamp64\www\carson-richmond\wp-content\themes\carson-richmond\page.php on line 41
[11-Jun-2020 04:44:35 UTC] PHP Parse error:  syntax error, unexpected ';', expecting ':' in C:\wamp64\www\carson-richmond\wp-content\themes\carson-richmond\page.php on line 41
[11-Jun-2020 04:45:07 UTC] PHP Parse error:  syntax error, unexpected 'endwhile' (T_ENDWHILE) in C:\wamp64\www\carson-richmond\wp-content\themes\carson-richmond\page.php on line 51
[11-Jun-2020 04:45:16 UTC] PHP Parse error:  syntax error, unexpected 'endwhile' (T_ENDWHILE) in C:\wamp64\www\carson-richmond\wp-content\themes\carson-richmond\page.php on line 51
